<?xml version="1.0" encoding="UTF-8"?>
<!-- Generated by org.testng.reporters.JUnitReportReporter -->
<testsuite hostname="LAPTOP-HGJU6DES" failures="0" tests="1" name="remoteTesting.dockerValidation.chromeStandaloneTest_blazedemo" time="10.506" errors="0" timestamp="2024-01-22T09:37:48 IST" skipped="0">
  <testcase classname="remoteTesting.dockerValidation.chromeStandaloneTest_blazedemo" name="loginToApplication" time="10.506"/>
</testsuite> <!-- remoteTesting.dockerValidation.chromeStandaloneTest_blazedemo -->
