<?xml version="1.0" encoding="UTF-8"?>
<!-- Generated by org.testng.reporters.JUnitReportReporter -->
<testsuite hostname="LAPTOP-HGJU6DES" failures="0" tests="1" name="remoteTesting.dockerValidation.chromeStandaloneTest_herokuapp" time="12.419" errors="0" timestamp="2024-01-22T09:37:48 IST" skipped="0">
  <testcase classname="remoteTesting.dockerValidation.chromeStandaloneTest_herokuapp" name="loginToApplication" time="12.419"/>
</testsuite> <!-- remoteTesting.dockerValidation.chromeStandaloneTest_herokuapp -->
