<?xml version="1.0" encoding="UTF-8"?>
<!-- Generated by org.testng.reporters.JUnitReportReporter -->
<testsuite hostname="LAPTOP-HGJU6DES" failures="0" tests="1" name="remoteTesting.dockerValidation.chromeStandaloneTest" time="10.081" errors="0" timestamp="2024-01-22T09:37:48 IST" skipped="0">
  <testcase classname="remoteTesting.dockerValidation.chromeStandaloneTest" name="loginToApplication" time="10.081"/>
</testsuite> <!-- remoteTesting.dockerValidation.chromeStandaloneTest -->
